<?xml version="1.0" encoding="UTF-8"?>
<testng-results skipped="0" failed="0" ignored="0" total="1" passed="1">
  <reporter-output>
  </reporter-output>
  <suite name="Default suite" duration-ms="34724" started-at="2019-06-08T18:44:47Z" finished-at="2019-06-08T18:45:22Z">
    <groups>
    </groups>
    <test name="Default test" duration-ms="34724" started-at="2019-06-08T18:44:47Z" finished-at="2019-06-08T18:45:22Z">
      <class name="com.qa.hs.keyword.test.LoginTest">
        <test-method status="PASS" signature="loginTest()[pri:1, instance:com.qa.hs.keyword.test.LoginTest@7823a2f9]" name="loginTest" duration-ms="34625" started-at="2019-06-09T00:14:47Z" finished-at="2019-06-09T00:15:22Z">
          <reporter-output>
          </reporter-output>
        </test-method> <!-- loginTest -->
      </class> <!-- com.qa.hs.keyword.test.LoginTest -->
    </test> <!-- Default test -->
  </suite> <!-- Default suite -->
</testng-results>
